0 verbose cli /usr/bin/node /usr/bin/npm
1 info using npm@10.8.2
2 info using node@v20.19.0
3 silly config load:file:/usr/lib/node_modules/npm/npmrc
4 silly config load:file:/var/www/.npmrc
5 silly config load:file:/usr/etc/npmrc
6 verbose title npm install
7 verbose argv "install"
8 verbose logfile logs-max:10 dir:/var/www/.npm/_logs/2025-04-21T10_45_01_120Z-
9 verbose logfile /var/www/.npm/_logs/2025-04-21T10_45_01_120Z-debug-0.log
10 silly packumentCache heap:2197815296 maxSize:549453824 maxEntrySize:274726912
11 silly logfile done cleaning log files
12 silly idealTree buildDeps
13 silly reify moves {}
14 verbose stack Error: ENOENT: no such file or directory, mkdir '/var/www/node_modules/@esbuild/linux-x64'
14 verbose stack     at async mkdir (node:internal/fs/promises:858:10)
14 verbose stack     at async /usr/lib/node_modules/npm/node_modules/@npmcli/arborist/lib/arborist/reify.js:624:20
14 verbose stack     at async Promise.allSettled (index 16)
14 verbose stack     at async [reifyPackages] (/usr/lib/node_modules/npm/node_modules/@npmcli/arborist/lib/arborist/reify.js:325:11)
14 verbose stack     at async Arborist.reify (/usr/lib/node_modules/npm/node_modules/@npmcli/arborist/lib/arborist/reify.js:142:5)
14 verbose stack     at async Install.exec (/usr/lib/node_modules/npm/lib/commands/install.js:150:5)
14 verbose stack     at async Npm.exec (/usr/lib/node_modules/npm/lib/npm.js:207:9)
14 verbose stack     at async module.exports (/usr/lib/node_modules/npm/lib/cli/entry.js:74:5)
15 error code ENOENT
16 error syscall mkdir
17 error path /var/www/node_modules/@esbuild/linux-x64
18 error errno -2
19 error enoent ENOENT: no such file or directory, mkdir '/var/www/node_modules/@esbuild/linux-x64'
20 error enoent This is related to npm not being able to find a file.
20 error enoent
21 silly unfinished npm timer reify 1745232302541
22 silly unfinished npm timer reify:createSparse 1745232303771
23 verbose cwd /var/www
24 verbose os Linux 5.15.167.4-microsoft-standard-WSL2
25 verbose node v20.19.0
26 verbose npm  v10.8.2
27 verbose exit -2
28 verbose code -2
29 error A complete log of this run can be found in: /var/www/.npm/_logs/2025-04-21T10_45_01_120Z-debug-0.log
